Using pre-set license
Built from '2020.3/staging' branch; Version is '2020.3.19f1 (68f137dc9bbe) revision 6877495'; Using compiler version '192528614'; Build Type 'Release'
OS: 'Windows 10 Pro; OS build 19043.1348; Version 2009; 64bit' Language: 'en' Physical Memory: 16111 MB
BatchMode: 1, IsHumanControllingUs: 0, StartBugReporterOnCrash: 0, Is64bit: 1, IsPro: 0

COMMAND LINE ARGUMENTS:
C:\Program Files\Unity\2020.3.19f1\Editor\Unity.exe
-adb2
-batchMode
-noUpm
-name
AssetImportWorker0
-projectPath
C:/Users/franc/Documents/Didattica/Unity-Course-Lectures/Unity-Course-Lectures
-logFile
Logs/AssetImportWorker0.log
-srvPort
55407
Successfully changed project path to: C:/Users/franc/Documents/Didattica/Unity-Course-Lectures/Unity-Course-Lectures
C:/Users/franc/Documents/Didattica/Unity-Course-Lectures/Unity-Course-Lectures
Using Asset Import Pipeline V2.
Refreshing native plugins compatible for Editor in 32.71 ms, found 0 plugins.
Preloading 0 native plugins for Editor in 0.00 ms.
Initialize engine version: 2020.3.19f1 (68f137dc9bbe)
[Subsystems] Discovering subsystems at path C:/Program Files/Unity/2020.3.19f1/Editor/Data/Resources/UnitySubsystems
[Subsystems] Discovering subsystems at path C:/Users/franc/Documents/Didattica/Unity-Course-Lectures/Unity-Course-Lectures/Assets
GfxDevice: creating device client; threaded=0
Direct3D:
    Version:  Direct3D 11.0 [level 11.1]
    Renderer: NVIDIA GeForce GTX 1650 (ID=0x1f91)
    Vendor:   
    VRAM:     3964 MB
    Driver:   30.0.14.9613
Initialize mono
Mono path[0] = 'C:/Program Files/Unity/2020.3.19f1/Editor/Data/Managed'
Mono path[1] = 'C:/Program Files/Unity/2020.3.19f1/Editor/Data/MonoBleedingEdge/lib/mono/unityjit'
Mono config path = 'C:/Program Files/Unity/2020.3.19f1/Editor/Data/MonoBleedingEdge/etc'
Using monoOptions --debugger-agent=transport=dt_socket,embedding=1,server=y,suspend=n,address=127.0.0.1:56112
Begin MonoManager ReloadAssembly
Registering precompiled unity dll's ...
Register platform support module: C:/Program Files/Unity/2020.3.19f1/Editor/Data/PlaybackEngines/WindowsStandaloneSupport/UnityEditor.WindowsStandalone.Extensions.dll
Registered in 0.002030 seconds.
Native extension for WindowsStandalone target not found
Refreshing native plugins compatible for Editor in 27.26 ms, found 0 plugins.
Preloading 0 native plugins for Editor in 0.00 ms.
Mono: successfully reloaded assembly
- Completed reload, in  1.111 seconds
Domain Reload Profiling:
	ReloadAssembly (1111ms)
		BeginReloadAssembly (58ms)
			ExecutionOrderSort (0ms)
			DisableScriptedObjects (0ms)
			BackupInstance (0ms)
			ReleaseScriptingObjects (0ms)
			CreateAndSetChildDomain (1ms)
		EndReloadAssembly (442ms)
			LoadAssemblies (55ms)
			RebuildTransferFunctionScriptingTraits (0ms)
			SetupTypeCache (176ms)
			ReleaseScriptCaches (0ms)
			RebuildScriptCaches (31ms)
			SetupLoadedEditorAssemblies (152ms)
				LogAssemblyErrors (0ms)
				InitializePlatformSupportModulesInManaged (4ms)
				SetLoadedEditorAssemblies (1ms)
				RefreshPlugins (27ms)
				BeforeProcessingInitializeOnLoad (13ms)
				ProcessInitializeOnLoadAttributes (77ms)
				ProcessInitializeOnLoadMethodAttributes (29ms)
				AfterProcessingInitializeOnLoad (0ms)
				EditorAssembliesLoaded (0ms)
			ExecutionOrderSort2 (0ms)
			AwakeInstancesAfterBackupRestoration (0ms)
Platform modules already initialized, skipping
Registering precompiled user dll's ...
Registered in 0.001690 seconds.
Begin MonoManager ReloadAssembly
Native extension for WindowsStandalone target not found
Refreshing native plugins compatible for Editor in 0.26 ms, found 0 plugins.
Preloading 0 native plugins for Editor in 0.00 ms.
Mono: successfully reloaded assembly
- Completed reload, in  0.913 seconds
Domain Reload Profiling:
	ReloadAssembly (915ms)
		BeginReloadAssembly (150ms)
			ExecutionOrderSort (0ms)
			DisableScriptedObjects (4ms)
			BackupInstance (0ms)
			ReleaseScriptingObjects (0ms)
			CreateAndSetChildDomain (18ms)
		EndReloadAssembly (696ms)
			LoadAssemblies (98ms)
			RebuildTransferFunctionScriptingTraits (0ms)
			SetupTypeCache (217ms)
			ReleaseScriptCaches (1ms)
			RebuildScriptCaches (50ms)
			SetupLoadedEditorAssemblies (234ms)
				LogAssemblyErrors (0ms)
				InitializePlatformSupportModulesInManaged (4ms)
				SetLoadedEditorAssemblies (1ms)
				RefreshPlugins (0ms)
				BeforeProcessingInitializeOnLoad (106ms)
				ProcessInitializeOnLoadAttributes (103ms)
				ProcessInitializeOnLoadMethodAttributes (13ms)
				AfterProcessingInitializeOnLoad (6ms)
				EditorAssembliesLoaded (0ms)
			ExecutionOrderSort2 (0ms)
			AwakeInstancesAfterBackupRestoration (7ms)
Platform modules already initialized, skipping
========================================================================
Worker process is ready to serve import requests
Launched and connected shader compiler UnityShaderCompiler.exe after 0.06 seconds
Refreshing native plugins compatible for Editor in 0.24 ms, found 0 plugins.
Preloading 0 native plugins for Editor in 0.00 ms.
Unloading 1347 Unused Serialized files (Serialized files now loaded: 0)
System memory in use before: 71.8 MB.
System memory in use after: 71.9 MB.

Unloading 15 unused Assets to reduce memory usage. Loaded Objects now: 1798.
Total: 2.181400 ms (FindLiveObjects: 0.126200 ms CreateObjectMapping: 0.037000 ms MarkObjects: 1.960400 ms  DeleteObjects: 0.057200 ms)

AssetImportParameters requested are different than current active one (requested -> active):
  custom:framework-win-MediaFoundation: 216162199b28c13a410421893ffa2e32 -> 
  custom:video-decoder-ogg-theora: a1e56fd34408186e4bbccfd4996cb3dc -> 
  custom:container-muxer-webm: aa71ff27fc2769a1b78a27578f13a17b -> 
  custom:container-demuxer-webm: 4f35f7cbe854078d1ac9338744f61a02 -> 
  custom:container-demuxer-ogg: 62fdf1f143b41e24485cea50d1cbac27 -> 
  custom:video-encoder-webm-vp8: eb34c28f22e8b96e1ab97ce403110664 -> 
  custom:video-codec-MediaFoundation-h265: 746d11721c4dcdbdad8f713fa42b33f4 -> 
  custom:video-decoder-webm-vp8: 9c59270c3fd7afecdb556c50c9e8de78 -> 
  custom:audio-decoder-ogg-vorbis: bf7c407c2cedff20999df2af8eb42d56 -> 
  custom:audio-encoder-webm-vorbis: bf7c407c2cedff20999df2af8eb42d56 -> 
========================================================================
Received Import Request.
  path: Assets/_ClassExercises/GuardsAndTowersNPCs/GuardsAndTowersNPCs.unity
  artifactKey: Guid(263027dc33d03a94abc0474065ec5bcd) Importer(815301076,1909f56bfc062723c751e8b465ee728b)
Start importing Assets/_ClassExercises/GuardsAndTowersNPCs/GuardsAndTowersNPCs.unity using Guid(263027dc33d03a94abc0474065ec5bcd) Importer(815301076,1909f56bfc062723c751e8b465ee728b)  -> (artifact id: '0ca09176e7be8fd091eeb70c34260a8c') in 0.018308 seconds 
  Import took 0.023090 seconds .

========================================================================
Received Prepare
Registering precompiled user dll's ...
Registered in 0.002044 seconds.
Begin MonoManager ReloadAssembly
Native extension for WindowsStandalone target not found
Refreshing native plugins compatible for Editor in 0.28 ms, found 0 plugins.
Preloading 0 native plugins for Editor in 0.00 ms.
Mono: successfully reloaded assembly
- Completed reload, in  0.871 seconds
Domain Reload Profiling:
	ReloadAssembly (872ms)
		BeginReloadAssembly (122ms)
			ExecutionOrderSort (0ms)
			DisableScriptedObjects (9ms)
			BackupInstance (0ms)
			ReleaseScriptingObjects (0ms)
			CreateAndSetChildDomain (26ms)
		EndReloadAssembly (675ms)
			LoadAssemblies (86ms)
			RebuildTransferFunctionScriptingTraits (0ms)
			SetupTypeCache (226ms)
			ReleaseScriptCaches (1ms)
			RebuildScriptCaches (48ms)
			SetupLoadedEditorAssemblies (217ms)
				LogAssemblyErrors (0ms)
				InitializePlatformSupportModulesInManaged (5ms)
				SetLoadedEditorAssemblies (1ms)
				RefreshPlugins (0ms)
				BeforeProcessingInitializeOnLoad (97ms)
				ProcessInitializeOnLoadAttributes (98ms)
				ProcessInitializeOnLoadMethodAttributes (9ms)
				AfterProcessingInitializeOnLoad (7ms)
				EditorAssembliesLoaded (0ms)
			ExecutionOrderSort2 (0ms)
			AwakeInstancesAfterBackupRestoration (7ms)
Platform modules already initialized, skipping
Refreshing native plugins compatible for Editor in 0.26 ms, found 0 plugins.
Preloading 0 native plugins for Editor in 0.00 ms.
Unloading 1302 Unused Serialized files (Serialized files now loaded: 0)
System memory in use before: 67.7 MB.
System memory in use after: 67.8 MB.

Unloading 6 unused Assets to reduce memory usage. Loaded Objects now: 1800.
Total: 2.222500 ms (FindLiveObjects: 0.134700 ms CreateObjectMapping: 0.037200 ms MarkObjects: 2.037200 ms  DeleteObjects: 0.012500 ms)

AssetImportParameters requested are different than current active one (requested -> active):
  custom:framework-win-MediaFoundation: 216162199b28c13a410421893ffa2e32 -> 
  custom:video-decoder-ogg-theora: a1e56fd34408186e4bbccfd4996cb3dc -> 
  custom:container-muxer-webm: aa71ff27fc2769a1b78a27578f13a17b -> 
  custom:container-demuxer-webm: 4f35f7cbe854078d1ac9338744f61a02 -> 
  custom:container-demuxer-ogg: 62fdf1f143b41e24485cea50d1cbac27 -> 
  custom:video-encoder-webm-vp8: eb34c28f22e8b96e1ab97ce403110664 -> 
  custom:video-codec-MediaFoundation-h265: 746d11721c4dcdbdad8f713fa42b33f4 -> 
  custom:video-decoder-webm-vp8: 9c59270c3fd7afecdb556c50c9e8de78 -> 
  custom:audio-decoder-ogg-vorbis: bf7c407c2cedff20999df2af8eb42d56 -> 
  custom:audio-encoder-webm-vorbis: bf7c407c2cedff20999df2af8eb42d56 -> 
========================================================================
Received Import Request.
  Time since last request: 756.897625 seconds.
  path: Assets/_ClassExercises/GuardsAndTowersNPCs/Scripts/PlayerHealth.cs
  artifactKey: Guid(ef279e40ccf97104387dc2c76108d88c) Importer(815301076,1909f56bfc062723c751e8b465ee728b)
Start importing Assets/_ClassExercises/GuardsAndTowersNPCs/Scripts/PlayerHealth.cs using Guid(ef279e40ccf97104387dc2c76108d88c) Importer(815301076,1909f56bfc062723c751e8b465ee728b)  -> (artifact id: '9869b4f3c4e53203690822c72a4f17c5') in 0.080612 seconds 
  Import took 0.083877 seconds .

========================================================================
Received Import Request.
  Time since last request: 2.832789 seconds.
  path: Assets/_ClassExercises/GuardsAndTowersNPCs/Scripts/ShootingTowerFSM.cs
  artifactKey: Guid(8f424c2feed4e5c429df323fd420a131) Importer(815301076,1909f56bfc062723c751e8b465ee728b)
Start importing Assets/_ClassExercises/GuardsAndTowersNPCs/Scripts/ShootingTowerFSM.cs using Guid(8f424c2feed4e5c429df323fd420a131) Importer(815301076,1909f56bfc062723c751e8b465ee728b)  -> (artifact id: '4f79b394012e751967083e9b56b5dbb0') in 0.002954 seconds 
  Import took 0.006520 seconds .

========================================================================
Received Import Request.
  Time since last request: 3436.814308 seconds.
  path: Assets/01_3D/ETC
  artifactKey: Guid(f6bc781acb74a8c4d89dfb9d3848da51) Importer(815301076,1909f56bfc062723c751e8b465ee728b)
Start importing Assets/01_3D/ETC using Guid(f6bc781acb74a8c4d89dfb9d3848da51) Importer(815301076,1909f56bfc062723c751e8b465ee728b)  -> (artifact id: 'a67d60c72ee5925ba033704c4186b1f2') in 0.001987 seconds 
  Import took 0.004599 seconds .

========================================================================
Received Import Request.
  Time since last request: 1.100367 seconds.
  path: Assets/01_3D/ETC/3D Bakery Object
  artifactKey: Guid(193cb9f11bd0e9b4abc3fed45ae6e2be) Importer(815301076,1909f56bfc062723c751e8b465ee728b)
Start importing Assets/01_3D/ETC/3D Bakery Object using Guid(193cb9f11bd0e9b4abc3fed45ae6e2be) Importer(815301076,1909f56bfc062723c751e8b465ee728b)  -> (artifact id: 'a334544adf2044a19a1f618b221ebff1') in 0.002984 seconds 
  Import took 0.005544 seconds .

========================================================================
Received Import Request.
  Time since last request: 0.633744 seconds.
  path: Assets/01_3D/ETC/3D Bakery Object/FBX
  artifactKey: Guid(1b827ccc5f00348008b9f288370274d8) Importer(815301076,1909f56bfc062723c751e8b465ee728b)
Start importing Assets/01_3D/ETC/3D Bakery Object/FBX using Guid(1b827ccc5f00348008b9f288370274d8) Importer(815301076,1909f56bfc062723c751e8b465ee728b)  -> (artifact id: '96610b48ea0fcfd0fcf71a3383bc55cc') in 0.005937 seconds 
  Import took 0.011355 seconds .

========================================================================
Received Import Request.
  Time since last request: 0.527235 seconds.
  path: Assets/01_3D/ETC/3D Bakery Object/FBX/Materials
  artifactKey: Guid(183d65ced596c4dd08325a3df2cc27c7) Importer(815301076,1909f56bfc062723c751e8b465ee728b)
Start importing Assets/01_3D/ETC/3D Bakery Object/FBX/Materials using Guid(183d65ced596c4dd08325a3df2cc27c7) Importer(815301076,1909f56bfc062723c751e8b465ee728b)  -> (artifact id: '69b7c70129be0ff52f4166d4d0faaa29') in 0.002229 seconds 
  Import took 0.005262 seconds .

========================================================================
Received Import Request.
  Time since last request: 0.261794 seconds.
  path: Assets/01_3D/ETC/3D Bakery Object/FBX/Texture
  artifactKey: Guid(76cbd6cc5a00a42928156e12495b3669) Importer(815301076,1909f56bfc062723c751e8b465ee728b)
Start importing Assets/01_3D/ETC/3D Bakery Object/FBX/Texture using Guid(76cbd6cc5a00a42928156e12495b3669) Importer(815301076,1909f56bfc062723c751e8b465ee728b)  -> (artifact id: '8046d01a3ce4c7defb7f05f572f80881') in 0.002642 seconds 
  Import took 0.006755 seconds .

========================================================================
Received Import Request.
  Time since last request: 2.311336 seconds.
  path: Assets/01_3D
  artifactKey: Guid(074aea21c7c817a449697ae2ca758554) Importer(815301076,1909f56bfc062723c751e8b465ee728b)
Start importing Assets/01_3D using Guid(074aea21c7c817a449697ae2ca758554) Importer(815301076,1909f56bfc062723c751e8b465ee728b)  -> (artifact id: '03d97a81dccf5fc89aae3ffb07959c2c') in 0.001822 seconds 
  Import took 0.003966 seconds .

========================================================================
Received Import Request.
  Time since last request: 0.669385 seconds.
  path: Assets
  artifactKey: Guid(00000000000000001000000000000000) Importer(815301076,1909f56bfc062723c751e8b465ee728b)
Start importing Assets using Guid(00000000000000001000000000000000) Importer(815301076,1909f56bfc062723c751e8b465ee728b)  -> (artifact id: '42d402b061de3733987d63b9cc3b64de') in 0.003390 seconds 
  Import took 0.007158 seconds .

AssetImportWorkerClient::OnTransportError - code=2 error=End of file
